Arguments: 
  /usr/bin/node /snap/node/7392/bin/yarn.js global dir

PATH: 
  /home/oakker/.local/bin:/usr/local/sbin:/usr/local/bin:/usr/sbin:/usr/bin:/sbin:/bin:/usr/games:/usr/local/games:/snap/bin:/snap/bin

Yarn version: 
  1.22.19

Node version: 
  18.13.0

Platform: 
  linux x64

Trace: 
  Error: EACCES: permission denied, write
      at writeSync (node:fs:933:3)
      at SyncWriteStream._write (node:internal/fs/sync_write_stream:26:3)
      at writeOrBuffer (node:internal/streams/writable:392:12)
      at _write (node:internal/streams/writable:333:10)
      at Writable.write (node:internal/streams/writable:337:10)
      at ConsoleReporter._log (/snap/node/7392/lib/cli.js:92833:17)
      at ConsoleReporter.log (/snap/node/7392/lib/cli.js:92821:10)
      at dir (/snap/node/7392/lib/cli.js:36307:14)
      at Object.<anonymous> (/snap/node/7392/lib/cli.js:25987:25)
      at Generator.next (<anonymous>)

npm manifest: 
  {
    "name": "demo-app",
    "version": "1.0.0",
    "main": "node_modules/expo/AppEntry.js",
    "scripts": {
      "start": "expo start",
      "android": "expo start --android",
      "ios": "expo start --ios",
      "web": "expo start --web"
    },
    "dependencies": {
      "@react-navigation/native": "^6.1.6",
      "@react-navigation/native-stack": "^6.9.12",
      "expo": "~48.0.11",
      "expo-status-bar": "~1.4.4",
      "git": "^0.1.5",
      "react": "18.2.0",
      "react-native": "0.71.6",
      "react-native-safe-area-context": "4.5.0",
      "react-native-screens": "~3.20.0"
    },
    "devDependencies": {
      "@babel/core": "^7.20.0"
    },
    "private": true
  }

yarn manifest: 
  No manifest

Lockfile: 
  No lockfile
